# JRE version: OpenJDK Runtime Environment (17.0.5+8) (build 17.0.5+8-Ubuntu-2ubuntu122.04)
# Java VM: OpenJDK 64-Bit Server VM (17.0.5+8-Ubuntu-2ubuntu122.04, mixed mode, emulated-client, sharing, tiered, compressed oops, compressed class ptrs, g1 gc, linux-amd64)
GC Precious Log:
 CPUs: 6 total, 6 available
 Memory: 15363M
 Large Page Support: Disabled
 NUMA Support: Disabled
 Compressed Oops: Enabled (Zero based)
 Heap Region Size: 2M
 Heap Min Capacity: 8M
 Heap Initial Capacity: 242M
 Heap Max Capacity: 3842M
 Pre-touch: Disabled
 Parallel Workers: 6
 Concurrent Workers: 2
 Concurrent Refinement Workers: 6
 Periodic GC: Disabled
Heap:
 garbage-first heap   total 116736K, used 48886K [0x000000070fe00000, 0x0000000800000000)
  region size 2048K, 6 young (12288K), 4 survivors (8192K)
 Metaspace       used 43982K, committed 44480K, reserved 1089536K
  class space    used 6030K, committed 6272K, reserved 1048576K
GC Heap History (16 events):
Event: 0,425 GC heap before
{Heap before GC invocations=0 (full 0):
 garbage-first heap   total 251904K, used 22504K [0x000000070fe00000, 0x0000000800000000)
  region size 2048K, 10 young (20480K), 0 survivors (0K)
 Metaspace       used 3374K, committed 3584K, reserved 1056768K
  class space    used 408K, committed 512K, reserved 1048576K
}
Event: 0,430 GC heap after
{Heap after GC invocations=1 (full 0):
 garbage-first heap   total 251904K, used 10765K [0x000000070fe00000, 0x0000000800000000)
  region size 2048K, 2 young (4096K), 2 survivors (4096K)
 Metaspace       used 3374K, committed 3584K, reserved 1056768K
  class space    used 408K, committed 512K, reserved 1048576K
}
Event: 0,483 GC heap before
{Heap before GC invocations=1 (full 0):
 garbage-first heap   total 251904K, used 25101K [0x000000070fe00000, 0x0000000800000000)
  region size 2048K, 10 young (20480K), 2 survivors (4096K)
 Metaspace       used 3375K, committed 3584K, reserved 1056768K
  class space    used 409K, committed 512K, reserved 1048576K
}
Event: 0,488 GC heap after
{Heap after GC invocations=2 (full 0):
 garbage-first heap   total 251904K, used 15350K [0x000000070fe00000, 0x0000000800000000)
  region size 2048K, 2 young (4096K), 2 survivors (4096K)
 Metaspace       used 3375K, committed 3584K, reserved 1056768K
  class space    used 409K, committed 512K, reserved 1048576K
}
Event: 0,819 GC heap before
{Heap before GC invocations=2 (full 0):
 garbage-first heap   total 251904K, used 46070K [0x000000070fe00000, 0x0000000800000000)
  region size 2048K, 17 young (34816K), 2 survivors (4096K)
 Metaspace       used 8818K, committed 9088K, reserved 1064960K
  class space    used 1144K, committed 1280K, reserved 1048576K
}
Event: 0,825 GC heap after
{Heap after GC invocations=3 (full 0):
 garbage-first heap   total 251904K, used 19074K [0x000000070fe00000, 0x0000000800000000)
  region size 2048K, 2 young (4096K), 2 survivors (4096K)
 Metaspace       used 8818K, committed 9088K, reserved 1064960K
  class space    used 1144K, committed 1280K, reserved 1048576K
}
Event: 1,079 GC heap before
{Heap before GC invocations=3 (full 0):
 garbage-first heap   total 251904K, used 68226K [0x000000070fe00000, 0x0000000800000000)
  region size 2048K, 26 young (53248K), 2 survivors (4096K)
 Metaspace       used 14438K, committed 14848K, reserved 1064960K
  class space    used 1963K, committed 2176K, reserved 1048576K
}
Event: 1,084 GC heap after
{Heap after GC invocations=4 (full 0):
 garbage-first heap   total 251904K, used 23031K [0x000000070fe00000, 0x0000000800000000)
  region size 2048K, 4 young (8192K), 4 survivors (8192K)
 Metaspace       used 14438K, committed 14848K, reserved 1064960K
  class space    used 1963K, committed 2176K, reserved 1048576K
}
Event: 1,461 GC heap before
{Heap before GC invocations=4 (full 0):
 garbage-first heap   total 251904K, used 121335K [0x000000070fe00000, 0x0000000800000000)
  region size 2048K, 53 young (108544K), 4 survivors (8192K)
 Metaspace       used 21136K, committed 21504K, reserved 1073152K
  class space    used 2971K, committed 3136K, reserved 1048576K
}
Event: 1,470 GC heap after
{Heap after GC invocations=5 (full 0):
 garbage-first heap   total 329728K, used 28303K [0x000000070fe00000, 0x0000000800000000)
  region size 2048K, 7 young (14336K), 7 survivors (14336K)
 Metaspace       used 21136K, committed 21504K, reserved 1073152K
  class space    used 2971K, committed 3136K, reserved 1048576K
}
Event: 1,811 GC heap before
{Heap before GC invocations=6 (full 0):
 garbage-first heap   total 116736K, used 89743K [0x000000070fe00000, 0x0000000800000000)
  region size 2048K, 38 young (77824K), 7 survivors (14336K)
 Metaspace       used 26105K, committed 26560K, reserved 1073152K
  class space    used 3643K, committed 3904K, reserved 1048576K
}
Event: 1,821 GC heap after
{Heap after GC invocations=7 (full 0):
 garbage-first heap   total 116736K, used 33823K [0x000000070fe00000, 0x0000000800000000)
  region size 2048K, 9 young (18432K), 9 survivors (18432K)
 Metaspace       used 26105K, committed 26560K, reserved 1073152K
  class space    used 3643K, committed 3904K, reserved 1048576K
}
Event: 13,593 GC heap before
{Heap before GC invocations=8 (full 0):
 garbage-first heap   total 116736K, used 78879K [0x000000070fe00000, 0x0000000800000000)
  region size 2048K, 32 young (65536K), 9 survivors (18432K)
 Metaspace       used 36005K, committed 36544K, reserved 1081344K
  class space    used 4950K, committed 5184K, reserved 1048576K
}
Event: 13,605 GC heap after
{Heap after GC invocations=9 (full 0):
 garbage-first heap   total 116736K, used 37343K [0x000000070fe00000, 0x0000000800000000)
  region size 2048K, 2 young (4096K), 2 survivors (4096K)
 Metaspace       used 36005K, committed 36544K, reserved 1081344K
  class space    used 4950K, committed 5184K, reserved 1048576K
}
Event: 191,001 GC heap before
{Heap before GC invocations=9 (full 0):
 garbage-first heap   total 116736K, used 86495K [0x000000070fe00000, 0x0000000800000000)
  region size 2048K, 25 young (51200K), 2 survivors (4096K)
 Metaspace       used 43974K, committed 44480K, reserved 1089536K
  class space    used 6028K, committed 6272K, reserved 1048576K
}
Event: 191,010 GC heap after
{Heap after GC invocations=10 (full 0):
 garbage-first heap   total 116736K, used 46838K [0x000000070fe00000, 0x0000000800000000)
  region size 2048K, 4 young (8192K), 4 survivors (8192K)
 Metaspace       used 43974K, committed 44480K, reserved 1089536K
  class space    used 6028K, committed 6272K, reserved 1048576K
}

